{"C:\\Projects\\vue-composable-store\\src\\index.js": {"path":"C:\\Projects\\vue-composable-store\\src\\index.js","statementMap":{"0":{"start":{"line":3,"column":4},"end":{"line":4,"column":31}},"1":{"start":{"line":4,"column":8},"end":{"line":4,"column":31}},"2":{"start":{"line":7,"column":30},"end":{"line":7,"column":52}},"3":{"start":{"line":9,"column":4},"end":{"line":12,"column":6}},"4":{"start":{"line":15,"column":32},"end":{"line":15,"column":40}},"5":{"start":{"line":16,"column":4},"end":{"line":18,"column":5}},"6":{"start":{"line":17,"column":8},"end":{"line":17,"column":38}},"7":{"start":{"line":19,"column":4},"end":{"line":19,"column":24}},"8":{"start":{"line":22,"column":21},"end":{"line":22,"column":43}},"9":{"start":{"line":23,"column":4},"end":{"line":23,"column":52}},"10":{"start":{"line":27,"column":21},"end":{"line":32,"column":5}},"11":{"start":{"line":30,"column":38},"end":{"line":30,"column":78}},"12":{"start":{"line":33,"column":4},"end":{"line":43,"column":5}},"13":{"start":{"line":34,"column":8},"end":{"line":34,"column":99}},"14":{"start":{"line":36,"column":12},"end":{"line":36,"column":142}},"15":{"start":{"line":37,"column":12},"end":{"line":37,"column":50}},"16":{"start":{"line":39,"column":8},"end":{"line":42,"column":9}},"17":{"start":{"line":39,"column":21},"end":{"line":39,"column":22}},"18":{"start":{"line":39,"column":30},"end":{"line":39,"column":44}},"19":{"start":{"line":40,"column":12},"end":{"line":40,"column":128}},"20":{"start":{"line":41,"column":12},"end":{"line":41,"column":34}},"21":{"start":{"line":44,"column":4},"end":{"line":46,"column":6}},"22":{"start":{"line":45,"column":8},"end":{"line":45,"column":46}}},"fnMap":{"0":{"name":"assert","decl":{"start":{"line":2,"column":9},"end":{"line":2,"column":15}},"loc":{"start":{"line":2,"column":30},"end":{"line":5,"column":1}},"line":2},"1":{"name":"defineStore","decl":{"start":{"line":8,"column":16},"end":{"line":8,"column":27}},"loc":{"start":{"line":8,"column":41},"end":{"line":13,"column":1}},"line":8},"2":{"name":"registerStore","decl":{"start":{"line":14,"column":9},"end":{"line":14,"column":22}},"loc":{"start":{"line":14,"column":50},"end":{"line":20,"column":1}},"line":14},"3":{"name":"useStore","decl":{"start":{"line":21,"column":16},"end":{"line":21,"column":24}},"loc":{"start":{"line":21,"column":42},"end":{"line":24,"column":1}},"line":21},"4":{"name":"createVueStore","decl":{"start":{"line":26,"column":16},"end":{"line":26,"column":30}},"loc":{"start":{"line":26,"column":56},"end":{"line":47,"column":1}},"line":26},"5":{"name":"(anonymous_5)","decl":{"start":{"line":30,"column":17},"end":{"line":30,"column":18}},"loc":{"start":{"line":30,"column":38},"end":{"line":30,"column":78}},"line":30},"6":{"name":"installer","decl":{"start":{"line":35,"column":17},"end":{"line":35,"column":26}},"loc":{"start":{"line":35,"column":47},"end":{"line":38,"column":9}},"line":35},"7":{"name":"(anonymous_7)","decl":{"start":{"line":44,"column":11},"end":{"line":44,"column":12}},"loc":{"start":{"line":44,"column":20},"end":{"line":46,"column":5}},"line":44}},"branchMap":{"0":{"loc":{"start":{"line":3,"column":4},"end":{"line":4,"column":31}},"type":"if","locations":[{"start":{"line":3,"column":4},"end":{"line":4,"column":31}},{"start":{"line":3,"column":4},"end":{"line":4,"column":31}}],"line":3},"1":{"loc":{"start":{"line":16,"column":4},"end":{"line":18,"column":5}},"type":"if","locations":[{"start":{"line":16,"column":4},"end":{"line":18,"column":5}},{"start":{"line":16,"column":4},"end":{"line":18,"column":5}}],"line":16},"2":{"loc":{"start":{"line":26,"column":31},"end":{"line":26,"column":54}},"type":"default-arg","locations":[{"start":{"line":26,"column":52},"end":{"line":26,"column":54}}],"line":26},"3":{"loc":{"start":{"line":26,"column":33},"end":{"line":26,"column":47}},"type":"default-arg","locations":[{"start":{"line":26,"column":43},"end":{"line":26,"column":47}}],"line":26},"4":{"loc":{"start":{"line":33,"column":4},"end":{"line":43,"column":5}},"type":"if","locations":[{"start":{"line":33,"column":4},"end":{"line":43,"column":5}},{"start":{"line":33,"column":4},"end":{"line":43,"column":5}}],"line":33}},"s":{"0":3,"1":0,"2":1,"3":2,"4":4,"5":4,"6":3,"7":4,"8":3,"9":3,"10":2,"11":1,"12":2,"13":1,"14":1,"15":1,"16":1,"17":1,"18":1,"19":1,"20":1,"21":2,"22":2},"f":{"0":3,"1":2,"2":4,"3":3,"4":2,"5":1,"6":1,"7":2},"b":{"0":[0,3],"1":[3,1],"2":[1],"3":[1],"4":[1,1]},"_coverageSchema":"1a1c01bbd47fc00a2c39e90264f33305004495a9","hash":"6d775507a606b1f46058d7d320a9b93c2fa69e00"}
}
