TN:
SF:src\index.js
FN:2,assert
FN:8,defineStore
FN:14,registerStore
FN:21,useStore
FN:26,createVueStore
FN:30,(anonymous_5)
FN:35,installer
FN:44,(anonymous_7)
FNF:8
FNH:8
FNDA:3,assert
FNDA:2,defineStore
FNDA:4,registerStore
FNDA:3,useStore
FNDA:2,createVueStore
FNDA:1,(anonymous_5)
FNDA:1,installer
FNDA:2,(anonymous_7)
DA:3,3
DA:4,0
DA:7,1
DA:9,2
DA:15,4
DA:16,4
DA:17,3
DA:19,4
DA:22,3
DA:23,3
DA:27,2
DA:30,1
DA:33,2
DA:34,1
DA:36,1
DA:37,1
DA:39,1
DA:40,1
DA:41,1
DA:44,2
DA:45,2
LF:21
LH:20
BRDA:3,0,0,0
BRDA:3,0,1,3
BRDA:16,1,0,3
BRDA:16,1,1,1
BRDA:26,2,0,1
BRDA:26,3,0,1
BRDA:33,4,0,1
BRDA:33,4,1,1
BRF:8
BRH:7
end_of_record
